<?xml version="1.0" encoding="UTF-8"?>
<testng-results skipped="0" failed="0" ignored="0" total="1" passed="1">
  <reporter-output>
  </reporter-output>
  <suite name="Default suite" duration-ms="218" started-at="2020-02-26T09:47:27Z" finished-at="2020-02-26T09:47:27Z">
    <groups>
    </groups>
    <test name="Default test" duration-ms="218" started-at="2020-02-26T09:47:27Z" finished-at="2020-02-26T09:47:27Z">
      <class name="NetworkModel.Tests.ModelTester">
        <test-method status="PASS" signature="twoHiddenLayersDerived()[pri:0, instance:NetworkModel.Tests.ModelTester@5034c75a]" name="twoHiddenLayersDerived" duration-ms="193" started-at="2020-02-26T09:47:27Z" finished-at="2020-02-26T09:47:27Z">
          <reporter-output>
          </reporter-output>
        </test-method> <!-- twoHiddenLayersDerived -->
      </class> <!-- NetworkModel.Tests.ModelTester -->
    </test> <!-- Default test -->
  </suite> <!-- Default suite -->
</testng-results>
